0 info it worked if it ends with ok
1 verbose cli [ '/usr/bin/node', '/usr/bin/npm', 'publish' ]
2 info using npm@1.4.28
3 info using node@v0.10.37
4 verbose node symlink /usr/bin/node
5 verbose publish [ '.' ]
6 verbose cache add [ '.', null ]
7 verbose cache add name=undefined spec="." args=[".",null]
8 verbose parsed url { protocol: null,
8 verbose parsed url   slashes: null,
8 verbose parsed url   auth: null,
8 verbose parsed url   host: null,
8 verbose parsed url   port: null,
8 verbose parsed url   hostname: null,
8 verbose parsed url   hash: null,
8 verbose parsed url   search: null,
8 verbose parsed url   query: null,
8 verbose parsed url   pathname: '.',
8 verbose parsed url   path: '.',
8 verbose parsed url   href: '.' }
9 silly lockFile 3a52ce78- .
10 verbose lock . /home/niole/.npm/3a52ce78-.lock
11 verbose tar pack [ '/home/niole/.npm/RenderMarkdownWithReact-express-browserify-gulp-jade-tutorial/1.0.0/package.tgz',
11 verbose tar pack   '.' ]
12 verbose tarball /home/niole/.npm/RenderMarkdownWithReact-express-browserify-gulp-jade-tutorial/1.0.0/package.tgz
13 verbose folder .
14 info prepublish RenderMarkdownWithReact-express-browserify-gulp-jade-tutorial@1.0.0
15 silly lockFile 1f1177db-tar tar://.
16 verbose lock tar://. /home/niole/.npm/1f1177db-tar.lock
17 silly lockFile 0a38d6ab--jade-tutorial-1-0-0-package-tgz tar:///home/niole/.npm/RenderMarkdownWithReact-express-browserify-gulp-jade-tutorial/1.0.0/package.tgz
18 verbose lock tar:///home/niole/.npm/RenderMarkdownWithReact-express-browserify-gulp-jade-tutorial/1.0.0/package.tgz /home/niole/.npm/0a38d6ab--jade-tutorial-1-0-0-package-tgz.lock
19 silly lockFile 1f1177db-tar tar://.
20 silly lockFile 1f1177db-tar tar://.
21 silly lockFile 0a38d6ab--jade-tutorial-1-0-0-package-tgz tar:///home/niole/.npm/RenderMarkdownWithReact-express-browserify-gulp-jade-tutorial/1.0.0/package.tgz
22 silly lockFile 0a38d6ab--jade-tutorial-1-0-0-package-tgz tar:///home/niole/.npm/RenderMarkdownWithReact-express-browserify-gulp-jade-tutorial/1.0.0/package.tgz
23 silly lockFile 59ab1d70-gulp-jade-tutorial-1-0-0-package /home/niole/.npm/RenderMarkdownWithReact-express-browserify-gulp-jade-tutorial/1.0.0/package
24 verbose lock /home/niole/.npm/RenderMarkdownWithReact-express-browserify-gulp-jade-tutorial/1.0.0/package /home/niole/.npm/59ab1d70-gulp-jade-tutorial-1-0-0-package.lock
25 silly lockFile 59ab1d70-gulp-jade-tutorial-1-0-0-package /home/niole/.npm/RenderMarkdownWithReact-express-browserify-gulp-jade-tutorial/1.0.0/package
26 silly lockFile 59ab1d70-gulp-jade-tutorial-1-0-0-package /home/niole/.npm/RenderMarkdownWithReact-express-browserify-gulp-jade-tutorial/1.0.0/package
27 silly lockFile 3a52ce78- .
28 silly lockFile 3a52ce78- .
29 silly publish { name: 'RenderMarkdownWithReact-express-browserify-gulp-jade-tutorial',
29 silly publish   version: '1.0.0',
29 silly publish   description: 'Render markdown with ReactJS using the express framework, browserify for dependency resolution, the gulp build system, and jade templateing.',
29 silly publish   main: 'frontend/Chart.jsx',
29 silly publish   scripts: { start: 'node ./bin/www' },
29 silly publish   devDependencies:
29 silly publish    { browserify: '^9.0.8',
29 silly publish      gulp: '^3.8.11',
29 silly publish      'gulp-concat': '^2.5.2',
29 silly publish      'gulp-html-replace': '^1.4.5',
29 silly publish      'gulp-inject': '^1.2.0',
29 silly publish      'gulp-react': '^3.0.1',
29 silly publish      'gulp-streamify': '0.0.5',
29 silly publish      'gulp-uglify': '^1.2.0',
29 silly publish      reactify: '^1.1.0',
29 silly publish      'vinyl-buffer': '^1.0.0',
29 silly publish      'vinyl-source-stream': '^1.1.0',
29 silly publish      watchify: '^3.2.0' },
29 silly publish   dependencies:
29 silly publish    { 'body-parser': '^1.12.3',
29 silly publish      'cookie-parser': '^1.3.4',
29 silly publish      debug: '^2.1.3',
29 silly publish      dotenv: '^1.1.0',
29 silly publish      express: '^4.12.3',
29 silly publish      jade: '^1.9.2',
29 silly publish      morgan: '^1.5.2',
29 silly publish      react: '^0.13.2',
29 silly publish      'serve-favicon': '^2.2.0' },
29 silly publish   readme: 'a basic bar graph made with react, html and css.\n\n',
29 silly publish   readmeFilename: 'README.md',
29 silly publish   gitHead: '33ab177943386d9b05b937c36aa744256c6697b7',
29 silly publish   _id: 'RenderMarkdownWithReact-express-browserify-gulp-jade-tutorial@1.0.0',
29 silly publish   _shasum: '24339b01d7cf291376a53e85a0d9a58a85ded292',
29 silly publish   _from: '.' }
30 verbose request where is /RenderMarkdownWithReact-express-browserify-gulp-jade-tutorial
31 verbose request registry https://registry.npmjs.org/
32 verbose request id 20d6ac489af6316a
33 verbose url raw /RenderMarkdownWithReact-express-browserify-gulp-jade-tutorial
34 verbose url resolving [ 'https://registry.npmjs.org/',
34 verbose url resolving   './RenderMarkdownWithReact-express-browserify-gulp-jade-tutorial' ]
35 verbose url resolved https://registry.npmjs.org/RenderMarkdownWithReact-express-browserify-gulp-jade-tutorial
36 verbose request where is https://registry.npmjs.org/RenderMarkdownWithReact-express-browserify-gulp-jade-tutorial
37 info trying registry request attempt 1 at 21:05:23
38 http PUT https://registry.npmjs.org/RenderMarkdownWithReact-express-browserify-gulp-jade-tutorial
39 http 400 https://registry.npmjs.org/RenderMarkdownWithReact-express-browserify-gulp-jade-tutorial
40 verbose headers { 'content-type': 'application/json',
40 verbose headers   'cache-control': 'max-age=60',
40 verbose headers   'content-length': '54',
40 verbose headers   'accept-ranges': 'bytes',
40 verbose headers   date: 'Mon, 13 Jul 2015 01:05:24 GMT',
40 verbose headers   via: '1.1 varnish',
40 verbose headers   connection: 'keep-alive',
40 verbose headers   'x-served-by': 'cache-iad2125-IAD',
40 verbose headers   'x-cache': 'MISS',
40 verbose headers   'x-cache-hits': '0',
40 verbose headers   'x-timer': 'S1436749523.287630,VS0,VE779' }
41 error publish Failed PUT 400
42 error Error: name can no longer contain capital letters : RenderMarkdownWithReact-express-browserify-gulp-jade-tutorial
42 error     at RegClient.<anonymous> (/usr/lib/node_modules/npm/node_modules/npm-registry-client/lib/request.js:308:14)
42 error     at Request._callback (/usr/lib/node_modules/npm/node_modules/npm-registry-client/lib/request.js:246:65)
42 error     at Request.self.callback (/usr/lib/node_modules/npm/node_modules/request/request.js:236:22)
42 error     at Request.emit (events.js:98:17)
42 error     at Request.<anonymous> (/usr/lib/node_modules/npm/node_modules/request/request.js:1142:14)
42 error     at Request.emit (events.js:117:20)
42 error     at IncomingMessage.<anonymous> (/usr/lib/node_modules/npm/node_modules/request/request.js:1096:12)
42 error     at IncomingMessage.emit (events.js:117:20)
42 error     at _stream_readable.js:944:16
42 error     at process._tickCallback (node.js:448:13)
43 error If you need help, you may report this *entire* log,
43 error including the npm and node versions, at:
43 error     <http://github.com/npm/npm/issues>
44 error System Linux 3.13.0-32-generic
45 error command "/usr/bin/node" "/usr/bin/npm" "publish"
46 error cwd /home/niole/code/javascript/basic-react-chart
47 error node -v v0.10.37
48 error npm -v 1.4.28
49 verbose exit [ 1, true ]
